
  .   ____          _            __ _ _
 /\\ / ___'_ __ _ _(_)_ __  __ _ \ \ \ \
( ( )\___ | '_ | '_| | '_ \/ _` | \ \ \ \
 \\/  ___)| |_)| | | | | || (_| |  ) ) ) )
  '  |____| .__|_| |_|_| |_\__, | / / / /
 =========|_|==============|___/=/_/_/_/
 :: Spring Boot ::                (v3.2.4)

2026-07-14T18:58:29.057+08:00  INFO 59448 --- [gateway] [           main] c.eldercare.gateway.GatewayApplication   : Starting GatewayApplication using Java 17.0.18 with PID 59448 (E:\workspace\project\eldercare-platform\gateway\target\gateway-1.0.0-SNAPSHOT.jar started by wangc in E:\workspace\project\eldercare-platform\gateway)
2026-07-14T18:58:29.072+08:00 DEBUG 59448 --- [gateway] [           main] c.eldercare.gateway.GatewayApplication   : Running with Spring Boot v3.2.4, Spring v6.1.5
2026-07-14T18:58:29.075+08:00  INFO 59448 --- [gateway] [           main] c.eldercare.gateway.GatewayApplication   : No active profile set, falling back to 1 default profile: "default"
2026-07-14T18:58:30.793+08:00  INFO 59448 --- [gateway] [           main] o.s.cloud.context.scope.GenericScope     : BeanFactory id=8e3f5d22-4474-39f4-bf72-637e74d7821e
INFO: Sentinel log output type is: file
INFO: Sentinel log charset is: utf-8
INFO: Sentinel log base directory is: C:\Users\wangc\logs\csp\
INFO: Sentinel log name use pid is: false
INFO: Sentinel log level is: INFO
2026-07-14T18:58:31.562+08:00  INFO 59448 --- [gateway] [           main] c.e.g.config.SentinelGatewayConfig       : Sentinel 网关流控规则初始化完成: 5条HTTP路由, QPS上限=100
2026-07-14T18:58:33.681+08:00  INFO 59448 --- [gateway] [           main] o.s.c.g.r.RouteDefinitionRouteLocator    : Loaded RoutePredicateFactory [After]
2026-07-14T18:58:33.681+08:00  INFO 59448 --- [gateway] [           main] o.s.c.g.r.RouteDefinitionRouteLocator    : Loaded RoutePredicateFactory [Before]
2026-07-14T18:58:33.681+08:00  INFO 59448 --- [gateway] [           main] o.s.c.g.r.RouteDefinitionRouteLocator    : Loaded RoutePredicateFactory [Between]
2026-07-14T18:58:33.681+08:00  INFO 59448 --- [gateway] [           main] o.s.c.g.r.RouteDefinitionRouteLocator    : Loaded RoutePredicateFactory [Cookie]
2026-07-14T18:58:33.681+08:00  INFO 59448 --- [gateway] [           main] o.s.c.g.r.RouteDefinitionRouteLocator    : Loaded RoutePredicateFactory [Header]
2026-07-14T18:58:33.683+08:00  INFO 59448 --- [gateway] [           main] o.s.c.g.r.RouteDefinitionRouteLocator    : Loaded RoutePredicateFactory [Host]
2026-07-14T18:58:33.684+08:00  INFO 59448 --- [gateway] [           main] o.s.c.g.r.RouteDefinitionRouteLocator    : Loaded RoutePredicateFactory [Method]
2026-07-14T18:58:33.684+08:00  INFO 59448 --- [gateway] [           main] o.s.c.g.r.RouteDefinitionRouteLocator    : Loaded RoutePredicateFactory [Path]
2026-07-14T18:58:33.684+08:00  INFO 59448 --- [gateway] [           main] o.s.c.g.r.RouteDefinitionRouteLocator    : Loaded RoutePredicateFactory [Query]
2026-07-14T18:58:33.685+08:00  INFO 59448 --- [gateway] [           main] o.s.c.g.r.RouteDefinitionRouteLocator    : Loaded RoutePredicateFactory [ReadBody]
2026-07-14T18:58:33.685+08:00  INFO 59448 --- [gateway] [           main] o.s.c.g.r.RouteDefinitionRouteLocator    : Loaded RoutePredicateFactory [RemoteAddr]
2026-07-14T18:58:33.685+08:00  INFO 59448 --- [gateway] [           main] o.s.c.g.r.RouteDefinitionRouteLocator    : Loaded RoutePredicateFactory [XForwardedRemoteAddr]
2026-07-14T18:58:33.685+08:00  INFO 59448 --- [gateway] [           main] o.s.c.g.r.RouteDefinitionRouteLocator    : Loaded RoutePredicateFactory [Weight]
2026-07-14T18:58:33.686+08:00  INFO 59448 --- [gateway] [           main] o.s.c.g.r.RouteDefinitionRouteLocator    : Loaded RoutePredicateFactory [CloudFoundryRouteService]
2026-07-14T18:58:33.718+08:00  INFO 59448 --- [gateway] [           main] c.a.c.s.g.s.SentinelSCGAutoConfiguration : [Sentinel SpringCloudGateway] register SentinelGatewayFilter with order: -2147483648
2026-07-14T18:58:33.928+08:00  INFO 59448 --- [gateway] [           main] c.a.c.s.g.s.SentinelSCGAutoConfiguration : [Sentinel SpringCloudGateway] register SentinelGatewayBlockExceptionHandler
2026-07-14T18:58:35.236+08:00  INFO 59448 --- [gateway] [           main] o.s.b.web.embedded.netty.NettyWebServer  : Netty started on port 9999
2026-07-14T18:58:35.995+08:00  INFO 59448 --- [gateway] [           main] com.alibaba.nacos.client.naming          : initializer namespace from ans.namespace attribute : null
2026-07-14T18:58:35.998+08:00  INFO 59448 --- [gateway] [           main] com.alibaba.nacos.client.naming          : initializer namespace from ALIBABA_ALIWARE_NAMESPACE attribute :null
2026-07-14T18:58:35.999+08:00  INFO 59448 --- [gateway] [           main] com.alibaba.nacos.client.naming          : initializer namespace from namespace attribute :null
2026-07-14T18:58:36.000+08:00  INFO 59448 --- [gateway] [       Thread-6] c.a.n.c.a.r.identify.CredentialWatcher   : null No credential found
2026-07-14T18:58:36.018+08:00  INFO 59448 --- [gateway] [           main] com.alibaba.nacos.client.naming          : FailoverDataSource type is class com.alibaba.nacos.client.naming.backups.datasource.DiskFailoverDataSource
2026-07-14T18:58:36.037+08:00  INFO 59448 --- [gateway] [           main] c.alibaba.nacos.client.utils.ParamUtil   : [settings] [req-serv] nacos-server port:8848
2026-07-14T18:58:36.038+08:00  INFO 59448 --- [gateway] [           main] c.alibaba.nacos.client.utils.ParamUtil   : [settings] [http-client] connect timeout:1000
2026-07-14T18:58:36.039+08:00  INFO 59448 --- [gateway] [           main] c.alibaba.nacos.client.utils.ParamUtil   : PER_TASK_CONFIG_SIZE: 3000.0
2026-07-14T18:58:36.045+08:00  INFO 59448 --- [gateway] [           main] c.a.n.p.a.s.c.ClientAuthPluginManager    : [ClientAuthPluginManager] Load ClientAuthService com.alibaba.nacos.client.auth.impl.NacosClientAuthServiceImpl success.
2026-07-14T18:58:36.045+08:00  INFO 59448 --- [gateway] [           main] c.a.n.p.a.s.c.ClientAuthPluginManager    : [ClientAuthPluginManager] Load ClientAuthService com.alibaba.nacos.client.auth.ram.RamClientAuthServiceImpl success.
2026-07-14T18:58:36.056+08:00  INFO 59448 --- [gateway] [           main] com.alibaba.nacos.common.remote.client   : [RpcClientFactory] create a new rpc client of ae422885-d805-4072-b425-696997b82ba8
2026-07-14T18:58:36.087+08:00  INFO 59448 --- [gateway] [           main] com.alibaba.nacos.client.naming          : Create naming rpc client for uuid->ae422885-d805-4072-b425-696997b82ba8
2026-07-14T18:58:36.088+08:00  INFO 59448 --- [gateway] [           main] com.alibaba.nacos.common.remote.client   : [ae422885-d805-4072-b425-696997b82ba8] RpcClient init, ServerListFactory = com.alibaba.nacos.client.naming.core.ServerListManager
2026-07-14T18:58:36.089+08:00  INFO 59448 --- [gateway] [           main] com.alibaba.nacos.common.remote.client   : [ae422885-d805-4072-b425-696997b82ba8] Registry connection listener to current client:com.alibaba.nacos.client.naming.remote.gprc.redo.NamingGrpcRedoService
2026-07-14T18:58:36.089+08:00  INFO 59448 --- [gateway] [           main] com.alibaba.nacos.common.remote.client   : [ae422885-d805-4072-b425-696997b82ba8] Register server push request handler:com.alibaba.nacos.client.naming.remote.gprc.NamingPushRequestHandler
2026-07-14T18:58:36.095+08:00  INFO 59448 --- [gateway] [           main] com.alibaba.nacos.common.remote.client   : [ae422885-d805-4072-b425-696997b82ba8] Try to connect to server on start up, server: {serverIp = '127.0.0.1', server main port = 8848}
2026-07-14T18:58:36.134+08:00  INFO 59448 --- [gateway] [           main] c.a.n.c.remote.client.grpc.GrpcClient    : grpc client connection server:127.0.0.1 ip,serverPort:9848,grpcTslConfig:{"sslProvider":"","enableTls":false,"mutualAuthEnable":false,"trustAll":false}
2026-07-14T18:58:37.361+08:00  INFO 59448 --- [gateway] [           main] c.a.n.c.a.AbstractAbilityControlManager  : Ready to get current node abilities...
2026-07-14T18:58:37.362+08:00  INFO 59448 --- [gateway] [           main] c.a.n.c.a.AbstractAbilityControlManager  : Ready to initialize current node abilities, support modes: [SDK_CLIENT]
2026-07-14T18:58:37.363+08:00  INFO 59448 --- [gateway] [           main] c.a.n.c.a.AbstractAbilityControlManager  : Initialize current abilities finish...
2026-07-14T18:58:37.364+08:00  INFO 59448 --- [gateway] [           main] c.a.n.c.a.d.NacosAbilityManagerHolder    : [AbilityControlManager] Successfully initialize AbilityControlManager
2026-07-14T18:58:37.383+08:00  INFO 59448 --- [gateway] [           main] com.alibaba.nacos.common.remote.client   : [ae422885-d805-4072-b425-696997b82ba8] Success to connect to server [127.0.0.1:8848] on start up, connectionId = 1784026717277_127.0.0.1_63237
2026-07-14T18:58:37.385+08:00  INFO 59448 --- [gateway] [remote.worker.0] com.alibaba.nacos.common.remote.client   : [ae422885-d805-4072-b425-696997b82ba8] Notify connected event to listeners.
2026-07-14T18:58:37.385+08:00  INFO 59448 --- [gateway] [           main] com.alibaba.nacos.common.remote.client   : [ae422885-d805-4072-b425-696997b82ba8] Register server push request handler:com.alibaba.nacos.common.remote.client.RpcClient$ConnectResetRequestHandler
2026-07-14T18:58:37.385+08:00  INFO 59448 --- [gateway] [remote.worker.0] com.alibaba.nacos.client.naming          : Grpc connection connect
2026-07-14T18:58:37.386+08:00  INFO 59448 --- [gateway] [           main] com.alibaba.nacos.common.remote.client   : [ae422885-d805-4072-b425-696997b82ba8] Register server push request handler:com.alibaba.nacos.common.remote.client.RpcClient$$Lambda$872/0x000002af5e6f6408
2026-07-14T18:58:37.387+08:00  INFO 59448 --- [gateway] [           main] com.alibaba.nacos.client.naming          : [REGISTER-SERVICE] public registering service gateway with instance Instance{instanceId='null', ip='192.168.1.109', port=9999, weight=1.0, healthy=true, enabled=true, ephemeral=true, clusterName='DEFAULT', serviceName='null', metadata={IPv6=null, preserved.register.source=SPRING_CLOUD}}
2026-07-14T18:58:37.402+08:00  INFO 59448 --- [gateway] [           main] c.a.c.n.registry.NacosServiceRegistry    : nacos registry, DEFAULT_GROUP gateway 192.168.1.109:9999 register finished
2026-07-14T18:58:37.467+08:00  INFO 59448 --- [gateway] [           main] c.eldercare.gateway.GatewayApplication   : Started GatewayApplication in 9.926 seconds (process running for 11.01)
====== Gateway (系统网关) 启动成功 ======
