
  .   ____          _            __ _ _
 /\\ / ___'_ __ _ _(_)_ __  __ _ \ \ \ \
( ( )\___ | '_ | '_| | '_ \/ _` | \ \ \ \
 \\/  ___)| |_)| | | | | || (_| |  ) ) ) )
  '  |____| .__|_| |_|_| |_\__, | / / / /
 =========|_|==============|___/=/_/_/_/
 :: Spring Boot ::                (v3.2.4)

2026-07-14T19:28:44.280+08:00  INFO 32644 --- [gateway] [           main] c.eldercare.gateway.GatewayApplication   : Starting GatewayApplication using Java 17.0.18 with PID 32644 (E:\workspace\project\eldercare-platform\gateway\target\gateway-1.0.0-SNAPSHOT.jar started by wangc in E:\workspace\project\eldercare-platform\gateway)
2026-07-14T19:28:44.291+08:00 DEBUG 32644 --- [gateway] [           main] c.eldercare.gateway.GatewayApplication   : Running with Spring Boot v3.2.4, Spring v6.1.5
2026-07-14T19:28:44.293+08:00  INFO 32644 --- [gateway] [           main] c.eldercare.gateway.GatewayApplication   : No active profile set, falling back to 1 default profile: "default"
2026-07-14T19:28:45.737+08:00  INFO 32644 --- [gateway] [           main] o.s.cloud.context.scope.GenericScope     : BeanFactory id=8e3f5d22-4474-39f4-bf72-637e74d7821e
INFO: Sentinel log output type is: file
INFO: Sentinel log charset is: utf-8
INFO: Sentinel log base directory is: C:\Users\wangc\logs\csp\
INFO: Sentinel log name use pid is: false
INFO: Sentinel log level is: INFO
2026-07-14T19:28:46.462+08:00  INFO 32644 --- [gateway] [           main] c.e.g.config.SentinelGatewayConfig       : Sentinel 网关流控规则初始化完成: 5条HTTP路由, QPS上限=100
2026-07-14T19:28:48.525+08:00  INFO 32644 --- [gateway] [           main] o.s.c.g.r.RouteDefinitionRouteLocator    : Loaded RoutePredicateFactory [After]
2026-07-14T19:28:48.526+08:00  INFO 32644 --- [gateway] [           main] o.s.c.g.r.RouteDefinitionRouteLocator    : Loaded RoutePredicateFactory [Before]
2026-07-14T19:28:48.526+08:00  INFO 32644 --- [gateway] [           main] o.s.c.g.r.RouteDefinitionRouteLocator    : Loaded RoutePredicateFactory [Between]
2026-07-14T19:28:48.527+08:00  INFO 32644 --- [gateway] [           main] o.s.c.g.r.RouteDefinitionRouteLocator    : Loaded RoutePredicateFactory [Cookie]
2026-07-14T19:28:48.527+08:00  INFO 32644 --- [gateway] [           main] o.s.c.g.r.RouteDefinitionRouteLocator    : Loaded RoutePredicateFactory [Header]
2026-07-14T19:28:48.527+08:00  INFO 32644 --- [gateway] [           main] o.s.c.g.r.RouteDefinitionRouteLocator    : Loaded RoutePredicateFactory [Host]
2026-07-14T19:28:48.528+08:00  INFO 32644 --- [gateway] [           main] o.s.c.g.r.RouteDefinitionRouteLocator    : Loaded RoutePredicateFactory [Method]
2026-07-14T19:28:48.528+08:00  INFO 32644 --- [gateway] [           main] o.s.c.g.r.RouteDefinitionRouteLocator    : Loaded RoutePredicateFactory [Path]
2026-07-14T19:28:48.528+08:00  INFO 32644 --- [gateway] [           main] o.s.c.g.r.RouteDefinitionRouteLocator    : Loaded RoutePredicateFactory [Query]
2026-07-14T19:28:48.528+08:00  INFO 32644 --- [gateway] [           main] o.s.c.g.r.RouteDefinitionRouteLocator    : Loaded RoutePredicateFactory [ReadBody]
2026-07-14T19:28:48.528+08:00  INFO 32644 --- [gateway] [           main] o.s.c.g.r.RouteDefinitionRouteLocator    : Loaded RoutePredicateFactory [RemoteAddr]
2026-07-14T19:28:48.528+08:00  INFO 32644 --- [gateway] [           main] o.s.c.g.r.RouteDefinitionRouteLocator    : Loaded RoutePredicateFactory [XForwardedRemoteAddr]
2026-07-14T19:28:48.529+08:00  INFO 32644 --- [gateway] [           main] o.s.c.g.r.RouteDefinitionRouteLocator    : Loaded RoutePredicateFactory [Weight]
2026-07-14T19:28:48.529+08:00  INFO 32644 --- [gateway] [           main] o.s.c.g.r.RouteDefinitionRouteLocator    : Loaded RoutePredicateFactory [CloudFoundryRouteService]
2026-07-14T19:28:48.549+08:00  INFO 32644 --- [gateway] [           main] c.a.c.s.g.s.SentinelSCGAutoConfiguration : [Sentinel SpringCloudGateway] register SentinelGatewayFilter with order: -2147483648
2026-07-14T19:28:48.709+08:00  INFO 32644 --- [gateway] [           main] c.a.c.s.g.s.SentinelSCGAutoConfiguration : [Sentinel SpringCloudGateway] register SentinelGatewayBlockExceptionHandler
2026-07-14T19:28:49.727+08:00  INFO 32644 --- [gateway] [           main] o.s.b.web.embedded.netty.NettyWebServer  : Netty started on port 9999
2026-07-14T19:28:50.392+08:00  INFO 32644 --- [gateway] [           main] com.alibaba.nacos.client.naming          : initializer namespace from ans.namespace attribute : null
2026-07-14T19:28:50.394+08:00  INFO 32644 --- [gateway] [           main] com.alibaba.nacos.client.naming          : initializer namespace from ALIBABA_ALIWARE_NAMESPACE attribute :null
2026-07-14T19:28:50.394+08:00  INFO 32644 --- [gateway] [           main] com.alibaba.nacos.client.naming          : initializer namespace from namespace attribute :null
2026-07-14T19:28:50.396+08:00  INFO 32644 --- [gateway] [       Thread-6] c.a.n.c.a.r.identify.CredentialWatcher   : null No credential found
2026-07-14T19:28:50.408+08:00  INFO 32644 --- [gateway] [           main] com.alibaba.nacos.client.naming          : FailoverDataSource type is class com.alibaba.nacos.client.naming.backups.datasource.DiskFailoverDataSource
2026-07-14T19:28:50.420+08:00  INFO 32644 --- [gateway] [           main] c.alibaba.nacos.client.utils.ParamUtil   : [settings] [req-serv] nacos-server port:8848
2026-07-14T19:28:50.420+08:00  INFO 32644 --- [gateway] [           main] c.alibaba.nacos.client.utils.ParamUtil   : [settings] [http-client] connect timeout:1000
2026-07-14T19:28:50.421+08:00  INFO 32644 --- [gateway] [           main] c.alibaba.nacos.client.utils.ParamUtil   : PER_TASK_CONFIG_SIZE: 3000.0
2026-07-14T19:28:50.427+08:00  INFO 32644 --- [gateway] [           main] c.a.n.p.a.s.c.ClientAuthPluginManager    : [ClientAuthPluginManager] Load ClientAuthService com.alibaba.nacos.client.auth.impl.NacosClientAuthServiceImpl success.
2026-07-14T19:28:50.427+08:00  INFO 32644 --- [gateway] [           main] c.a.n.p.a.s.c.ClientAuthPluginManager    : [ClientAuthPluginManager] Load ClientAuthService com.alibaba.nacos.client.auth.ram.RamClientAuthServiceImpl success.
2026-07-14T19:28:50.435+08:00  INFO 32644 --- [gateway] [           main] com.alibaba.nacos.common.remote.client   : [RpcClientFactory] create a new rpc client of 9e71ccbc-310b-43a6-bb4a-e8078d830acb
2026-07-14T19:28:50.453+08:00  INFO 32644 --- [gateway] [           main] com.alibaba.nacos.client.naming          : Create naming rpc client for uuid->9e71ccbc-310b-43a6-bb4a-e8078d830acb
2026-07-14T19:28:50.454+08:00  INFO 32644 --- [gateway] [           main] com.alibaba.nacos.common.remote.client   : [9e71ccbc-310b-43a6-bb4a-e8078d830acb] RpcClient init, ServerListFactory = com.alibaba.nacos.client.naming.core.ServerListManager
2026-07-14T19:28:50.454+08:00  INFO 32644 --- [gateway] [           main] com.alibaba.nacos.common.remote.client   : [9e71ccbc-310b-43a6-bb4a-e8078d830acb] Registry connection listener to current client:com.alibaba.nacos.client.naming.remote.gprc.redo.NamingGrpcRedoService
2026-07-14T19:28:50.454+08:00  INFO 32644 --- [gateway] [           main] com.alibaba.nacos.common.remote.client   : [9e71ccbc-310b-43a6-bb4a-e8078d830acb] Register server push request handler:com.alibaba.nacos.client.naming.remote.gprc.NamingPushRequestHandler
2026-07-14T19:28:50.456+08:00  INFO 32644 --- [gateway] [           main] com.alibaba.nacos.common.remote.client   : [9e71ccbc-310b-43a6-bb4a-e8078d830acb] Try to connect to server on start up, server: {serverIp = '127.0.0.1', server main port = 8848}
2026-07-14T19:28:50.480+08:00  INFO 32644 --- [gateway] [           main] c.a.n.c.remote.client.grpc.GrpcClient    : grpc client connection server:127.0.0.1 ip,serverPort:9848,grpcTslConfig:{"sslProvider":"","enableTls":false,"mutualAuthEnable":false,"trustAll":false}
2026-07-14T19:28:51.452+08:00  INFO 32644 --- [gateway] [           main] c.a.n.c.a.AbstractAbilityControlManager  : Ready to get current node abilities...
2026-07-14T19:28:51.453+08:00  INFO 32644 --- [gateway] [           main] c.a.n.c.a.AbstractAbilityControlManager  : Ready to initialize current node abilities, support modes: [SDK_CLIENT]
2026-07-14T19:28:51.454+08:00  INFO 32644 --- [gateway] [           main] c.a.n.c.a.AbstractAbilityControlManager  : Initialize current abilities finish...
2026-07-14T19:28:51.454+08:00  INFO 32644 --- [gateway] [           main] c.a.n.c.a.d.NacosAbilityManagerHolder    : [AbilityControlManager] Successfully initialize AbilityControlManager
2026-07-14T19:28:51.468+08:00  INFO 32644 --- [gateway] [           main] com.alibaba.nacos.common.remote.client   : [9e71ccbc-310b-43a6-bb4a-e8078d830acb] Success to connect to server [127.0.0.1:8848] on start up, connectionId = 1784028531392_127.0.0.1_51301
2026-07-14T19:28:51.469+08:00  INFO 32644 --- [gateway] [remote.worker.0] com.alibaba.nacos.common.remote.client   : [9e71ccbc-310b-43a6-bb4a-e8078d830acb] Notify connected event to listeners.
2026-07-14T19:28:51.469+08:00  INFO 32644 --- [gateway] [remote.worker.0] com.alibaba.nacos.client.naming          : Grpc connection connect
2026-07-14T19:28:51.469+08:00  INFO 32644 --- [gateway] [           main] com.alibaba.nacos.common.remote.client   : [9e71ccbc-310b-43a6-bb4a-e8078d830acb] Register server push request handler:com.alibaba.nacos.common.remote.client.RpcClient$ConnectResetRequestHandler
2026-07-14T19:28:51.469+08:00  INFO 32644 --- [gateway] [           main] com.alibaba.nacos.common.remote.client   : [9e71ccbc-310b-43a6-bb4a-e8078d830acb] Register server push request handler:com.alibaba.nacos.common.remote.client.RpcClient$$Lambda$872/0x0000019e346f6d40
2026-07-14T19:28:51.470+08:00  INFO 32644 --- [gateway] [           main] com.alibaba.nacos.client.naming          : [REGISTER-SERVICE] public registering service gateway with instance Instance{instanceId='null', ip='192.168.1.109', port=9999, weight=1.0, healthy=true, enabled=true, ephemeral=true, clusterName='DEFAULT', serviceName='null', metadata={IPv6=null, preserved.register.source=SPRING_CLOUD}}
2026-07-14T19:28:51.482+08:00  INFO 32644 --- [gateway] [           main] c.a.c.n.registry.NacosServiceRegistry    : nacos registry, DEFAULT_GROUP gateway 192.168.1.109:9999 register finished
2026-07-14T19:28:51.531+08:00  INFO 32644 --- [gateway] [           main] c.eldercare.gateway.GatewayApplication   : Started GatewayApplication in 8.247 seconds (process running for 9.377)
====== Gateway (系统网关) 启动成功 ======
