
  .   ____          _            __ _ _
 /\\ / ___'_ __ _ _(_)_ __  __ _ \ \ \ \
( ( )\___ | '_ | '_| | '_ \/ _` | \ \ \ \
 \\/  ___)| |_)| | | | | || (_| |  ) ) ) )
  '  |____| .__|_| |_|_| |_\__, | / / / /
 =========|_|==============|___/=/_/_/_/
 :: Spring Boot ::                (v3.2.4)

2026-07-14T18:59:57.815+08:00  INFO 43204 --- [service-auth] [           main] c.eldercare.auth.ServiceAuthApplication  : Starting ServiceAuthApplication using Java 17.0.18 with PID 43204 (E:\workspace\project\eldercare-platform\service-auth\target\service-auth-1.0.0-SNAPSHOT.jar started by wangc in E:\workspace\project\eldercare-platform\service-auth)
2026-07-14T18:59:57.824+08:00  INFO 43204 --- [service-auth] [           main] c.eldercare.auth.ServiceAuthApplication  : No active profile set, falling back to 1 default profile: "default"
2026-07-14T18:59:59.379+08:00  INFO 43204 --- [service-auth] [           main] o.s.cloud.context.scope.GenericScope     : BeanFactory id=760bf0c2-a162-3453-af33-9840768cf100
2026-07-14T19:00:00.358+08:00  INFO 43204 --- [service-auth] [           main] o.s.b.w.embedded.tomcat.TomcatWebServer  : Tomcat initialized with port 8090 (http)
2026-07-14T19:00:00.385+08:00  INFO 43204 --- [service-auth] [           main] o.apache.catalina.core.StandardService   : Starting service [Tomcat]
2026-07-14T19:00:00.386+08:00  INFO 43204 --- [service-auth] [           main] o.apache.catalina.core.StandardEngine    : Starting Servlet engine: [Apache Tomcat/10.1.19]
2026-07-14T19:00:00.520+08:00  INFO 43204 --- [service-auth] [           main] o.a.c.c.C.[Tomcat].[localhost].[/]       : Initializing Spring embedded WebApplicationContext
2026-07-14T19:00:00.523+08:00  INFO 43204 --- [service-auth] [           main] w.s.c.ServletWebServerApplicationContext : Root WebApplicationContext: initialization completed in 2565 ms
2026-07-14T19:00:02.538+08:00  INFO 43204 --- [service-auth] [           main] o.s.b.w.embedded.tomcat.TomcatWebServer  : Tomcat started on port 8090 (http) with context path ''
2026-07-14T19:00:02.551+08:00  INFO 43204 --- [service-auth] [           main] com.alibaba.nacos.client.naming          : initializer namespace from ans.namespace attribute : null
2026-07-14T19:00:02.555+08:00  INFO 43204 --- [service-auth] [       Thread-3] c.a.n.c.a.r.identify.CredentialWatcher   : null No credential found
2026-07-14T19:00:02.555+08:00  INFO 43204 --- [service-auth] [           main] com.alibaba.nacos.client.naming          : initializer namespace from ALIBABA_ALIWARE_NAMESPACE attribute :null
2026-07-14T19:00:02.556+08:00  INFO 43204 --- [service-auth] [           main] com.alibaba.nacos.client.naming          : initializer namespace from namespace attribute :null
2026-07-14T19:00:02.574+08:00  INFO 43204 --- [service-auth] [           main] com.alibaba.nacos.client.naming          : FailoverDataSource type is class com.alibaba.nacos.client.naming.backups.datasource.DiskFailoverDataSource
2026-07-14T19:00:02.596+08:00  INFO 43204 --- [service-auth] [           main] c.alibaba.nacos.client.utils.ParamUtil   : [settings] [req-serv] nacos-server port:8848
2026-07-14T19:00:02.597+08:00  INFO 43204 --- [service-auth] [           main] c.alibaba.nacos.client.utils.ParamUtil   : [settings] [http-client] connect timeout:1000
2026-07-14T19:00:02.598+08:00  INFO 43204 --- [service-auth] [           main] c.alibaba.nacos.client.utils.ParamUtil   : PER_TASK_CONFIG_SIZE: 3000.0
2026-07-14T19:00:02.604+08:00  INFO 43204 --- [service-auth] [           main] c.a.n.p.a.s.c.ClientAuthPluginManager    : [ClientAuthPluginManager] Load ClientAuthService com.alibaba.nacos.client.auth.impl.NacosClientAuthServiceImpl success.
2026-07-14T19:00:02.604+08:00  INFO 43204 --- [service-auth] [           main] c.a.n.p.a.s.c.ClientAuthPluginManager    : [ClientAuthPluginManager] Load ClientAuthService com.alibaba.nacos.client.auth.ram.RamClientAuthServiceImpl success.
2026-07-14T19:00:02.613+08:00  INFO 43204 --- [service-auth] [           main] com.alibaba.nacos.common.remote.client   : [RpcClientFactory] create a new rpc client of 431b97b0-c8ed-4903-9967-92d735d3da3f
2026-07-14T19:00:02.635+08:00  INFO 43204 --- [service-auth] [           main] com.alibaba.nacos.client.naming          : Create naming rpc client for uuid->431b97b0-c8ed-4903-9967-92d735d3da3f
2026-07-14T19:00:02.636+08:00  INFO 43204 --- [service-auth] [           main] com.alibaba.nacos.common.remote.client   : [431b97b0-c8ed-4903-9967-92d735d3da3f] RpcClient init, ServerListFactory = com.alibaba.nacos.client.naming.core.ServerListManager
2026-07-14T19:00:02.636+08:00  INFO 43204 --- [service-auth] [           main] com.alibaba.nacos.common.remote.client   : [431b97b0-c8ed-4903-9967-92d735d3da3f] Registry connection listener to current client:com.alibaba.nacos.client.naming.remote.gprc.redo.NamingGrpcRedoService
2026-07-14T19:00:02.636+08:00  INFO 43204 --- [service-auth] [           main] com.alibaba.nacos.common.remote.client   : [431b97b0-c8ed-4903-9967-92d735d3da3f] Register server push request handler:com.alibaba.nacos.client.naming.remote.gprc.NamingPushRequestHandler
2026-07-14T19:00:02.639+08:00  INFO 43204 --- [service-auth] [           main] com.alibaba.nacos.common.remote.client   : [431b97b0-c8ed-4903-9967-92d735d3da3f] Try to connect to server on start up, server: {serverIp = '127.0.0.1', server main port = 8848}
2026-07-14T19:00:02.667+08:00  INFO 43204 --- [service-auth] [           main] c.a.n.c.remote.client.grpc.GrpcClient    : grpc client connection server:127.0.0.1 ip,serverPort:9848,grpcTslConfig:{"sslProvider":"","enableTls":false,"mutualAuthEnable":false,"trustAll":false}
2026-07-14T19:00:03.827+08:00  INFO 43204 --- [service-auth] [           main] c.a.n.c.a.AbstractAbilityControlManager  : Ready to get current node abilities...
2026-07-14T19:00:03.829+08:00  INFO 43204 --- [service-auth] [           main] c.a.n.c.a.AbstractAbilityControlManager  : Ready to initialize current node abilities, support modes: [SDK_CLIENT]
2026-07-14T19:00:03.829+08:00  INFO 43204 --- [service-auth] [           main] c.a.n.c.a.AbstractAbilityControlManager  : Initialize current abilities finish...
2026-07-14T19:00:03.831+08:00  INFO 43204 --- [service-auth] [           main] c.a.n.c.a.d.NacosAbilityManagerHolder    : [AbilityControlManager] Successfully initialize AbilityControlManager
2026-07-14T19:00:03.850+08:00  INFO 43204 --- [service-auth] [           main] com.alibaba.nacos.common.remote.client   : [431b97b0-c8ed-4903-9967-92d735d3da3f] Success to connect to server [127.0.0.1:8848] on start up, connectionId = 1784026803741_127.0.0.1_55389
2026-07-14T19:00:03.851+08:00  INFO 43204 --- [service-auth] [remote.worker.0] com.alibaba.nacos.common.remote.client   : [431b97b0-c8ed-4903-9967-92d735d3da3f] Notify connected event to listeners.
2026-07-14T19:00:03.851+08:00  INFO 43204 --- [service-auth] [           main] com.alibaba.nacos.common.remote.client   : [431b97b0-c8ed-4903-9967-92d735d3da3f] Register server push request handler:com.alibaba.nacos.common.remote.client.RpcClient$ConnectResetRequestHandler
2026-07-14T19:00:03.851+08:00  INFO 43204 --- [service-auth] [remote.worker.0] com.alibaba.nacos.client.naming          : Grpc connection connect
2026-07-14T19:00:03.852+08:00  INFO 43204 --- [service-auth] [           main] com.alibaba.nacos.common.remote.client   : [431b97b0-c8ed-4903-9967-92d735d3da3f] Register server push request handler:com.alibaba.nacos.common.remote.client.RpcClient$$Lambda$810/0x000001cf815b42d8
2026-07-14T19:00:03.853+08:00  INFO 43204 --- [service-auth] [           main] com.alibaba.nacos.client.naming          : [REGISTER-SERVICE] public registering service service-auth with instance Instance{instanceId='null', ip='192.168.1.109', port=8090, weight=1.0, healthy=true, enabled=true, ephemeral=true, clusterName='DEFAULT', serviceName='null', metadata={IPv6=null, preserved.register.source=SPRING_CLOUD}}
2026-07-14T19:00:03.869+08:00  INFO 43204 --- [service-auth] [           main] c.a.c.n.registry.NacosServiceRegistry    : nacos registry, DEFAULT_GROUP service-auth 192.168.1.109:8090 register finished
2026-07-14T19:00:04.227+08:00  INFO 43204 --- [service-auth] [           main] c.eldercare.auth.ServiceAuthApplication  : Started ServiceAuthApplication in 7.663 seconds (process running for 8.542)
====== Service Auth 启动成功 ======
2026-07-14T19:25:51.334+08:00  INFO 43204 --- [service-auth] [nio-8090-exec-2] o.a.c.c.C.[Tomcat].[localhost].[/]       : Initializing Spring DispatcherServlet 'dispatcherServlet'
2026-07-14T19:25:51.335+08:00  INFO 43204 --- [service-auth] [nio-8090-exec-2] o.s.web.servlet.DispatcherServlet        : Initializing Servlet 'dispatcherServlet'
2026-07-14T19:25:51.338+08:00  INFO 43204 --- [service-auth] [nio-8090-exec-2] o.s.web.servlet.DispatcherServlet        : Completed initialization in 3 ms
