
  .   ____          _            __ _ _
 /\\ / ___'_ __ _ _(_)_ __  __ _ \ \ \ \
( ( )\___ | '_ | '_| | '_ \/ _` | \ \ \ \
 \\/  ___)| |_)| | | | | || (_| |  ) ) ) )
  '  |____| .__|_| |_|_| |_\__, | / / / /
 =========|_|==============|___/=/_/_/_/
 :: Spring Boot ::                (v3.2.4)

2026-07-14T18:56:55.306+08:00  INFO 59488 --- [service-operation] [           main] c.e.o.ServiceOperationApplication        : Starting ServiceOperationApplication using Java 17.0.18 with PID 59488 (E:\workspace\project\eldercare-platform\service-operation\target\service-operation-1.0.0-SNAPSHOT.jar started by wangc in E:\workspace\project\eldercare-platform\service-operation)
2026-07-14T18:56:55.314+08:00  INFO 59488 --- [service-operation] [           main] c.e.o.ServiceOperationApplication        : No active profile set, falling back to 1 default profile: "default"
2026-07-14T18:56:56.655+08:00  INFO 59488 --- [service-operation] [           main] o.s.cloud.context.scope.GenericScope     : BeanFactory id=a3b7e163-08d0-3dcd-a204-a586059397bd
2026-07-14T18:56:57.566+08:00  INFO 59488 --- [service-operation] [           main] o.s.b.w.embedded.tomcat.TomcatWebServer  : Tomcat initialized with port 8087 (http)
2026-07-14T18:56:57.584+08:00  INFO 59488 --- [service-operation] [           main] o.apache.catalina.core.StandardService   : Starting service [Tomcat]
2026-07-14T18:56:57.585+08:00  INFO 59488 --- [service-operation] [           main] o.apache.catalina.core.StandardEngine    : Starting Servlet engine: [Apache Tomcat/10.1.19]
2026-07-14T18:56:57.687+08:00  INFO 59488 --- [service-operation] [           main] o.a.c.c.C.[Tomcat].[localhost].[/]       : Initializing Spring embedded WebApplicationContext
2026-07-14T18:56:57.689+08:00  INFO 59488 --- [service-operation] [           main] w.s.c.ServletWebServerApplicationContext : Root WebApplicationContext: initialization completed in 2300 ms
2026-07-14T18:56:59.574+08:00  INFO 59488 --- [service-operation] [           main] o.s.b.w.embedded.tomcat.TomcatWebServer  : Tomcat started on port 8087 (http) with context path ''
2026-07-14T18:56:59.587+08:00  INFO 59488 --- [service-operation] [           main] com.alibaba.nacos.client.naming          : initializer namespace from ans.namespace attribute : null
2026-07-14T18:56:59.589+08:00  INFO 59488 --- [service-operation] [           main] com.alibaba.nacos.client.naming          : initializer namespace from ALIBABA_ALIWARE_NAMESPACE attribute :null
2026-07-14T18:56:59.591+08:00  INFO 59488 --- [service-operation] [           main] com.alibaba.nacos.client.naming          : initializer namespace from namespace attribute :null
2026-07-14T18:56:59.591+08:00  INFO 59488 --- [service-operation] [       Thread-3] c.a.n.c.a.r.identify.CredentialWatcher   : null No credential found
2026-07-14T18:56:59.614+08:00  INFO 59488 --- [service-operation] [           main] com.alibaba.nacos.client.naming          : FailoverDataSource type is class com.alibaba.nacos.client.naming.backups.datasource.DiskFailoverDataSource
2026-07-14T18:56:59.632+08:00  INFO 59488 --- [service-operation] [           main] c.alibaba.nacos.client.utils.ParamUtil   : [settings] [req-serv] nacos-server port:8848
2026-07-14T18:56:59.633+08:00  INFO 59488 --- [service-operation] [           main] c.alibaba.nacos.client.utils.ParamUtil   : [settings] [http-client] connect timeout:1000
2026-07-14T18:56:59.634+08:00  INFO 59488 --- [service-operation] [           main] c.alibaba.nacos.client.utils.ParamUtil   : PER_TASK_CONFIG_SIZE: 3000.0
2026-07-14T18:56:59.641+08:00  INFO 59488 --- [service-operation] [           main] c.a.n.p.a.s.c.ClientAuthPluginManager    : [ClientAuthPluginManager] Load ClientAuthService com.alibaba.nacos.client.auth.impl.NacosClientAuthServiceImpl success.
2026-07-14T18:56:59.641+08:00  INFO 59488 --- [service-operation] [           main] c.a.n.p.a.s.c.ClientAuthPluginManager    : [ClientAuthPluginManager] Load ClientAuthService com.alibaba.nacos.client.auth.ram.RamClientAuthServiceImpl success.
2026-07-14T18:56:59.653+08:00  INFO 59488 --- [service-operation] [           main] com.alibaba.nacos.common.remote.client   : [RpcClientFactory] create a new rpc client of 6dcfc553-aeb0-4e0b-8628-b5e62717428d
2026-07-14T18:56:59.680+08:00  INFO 59488 --- [service-operation] [           main] com.alibaba.nacos.client.naming          : Create naming rpc client for uuid->6dcfc553-aeb0-4e0b-8628-b5e62717428d
2026-07-14T18:56:59.681+08:00  INFO 59488 --- [service-operation] [           main] com.alibaba.nacos.common.remote.client   : [6dcfc553-aeb0-4e0b-8628-b5e62717428d] RpcClient init, ServerListFactory = com.alibaba.nacos.client.naming.core.ServerListManager
2026-07-14T18:56:59.681+08:00  INFO 59488 --- [service-operation] [           main] com.alibaba.nacos.common.remote.client   : [6dcfc553-aeb0-4e0b-8628-b5e62717428d] Registry connection listener to current client:com.alibaba.nacos.client.naming.remote.gprc.redo.NamingGrpcRedoService
2026-07-14T18:56:59.682+08:00  INFO 59488 --- [service-operation] [           main] com.alibaba.nacos.common.remote.client   : [6dcfc553-aeb0-4e0b-8628-b5e62717428d] Register server push request handler:com.alibaba.nacos.client.naming.remote.gprc.NamingPushRequestHandler
2026-07-14T18:56:59.685+08:00  INFO 59488 --- [service-operation] [           main] com.alibaba.nacos.common.remote.client   : [6dcfc553-aeb0-4e0b-8628-b5e62717428d] Try to connect to server on start up, server: {serverIp = '127.0.0.1', server main port = 8848}
2026-07-14T18:56:59.722+08:00  INFO 59488 --- [service-operation] [           main] c.a.n.c.remote.client.grpc.GrpcClient    : grpc client connection server:127.0.0.1 ip,serverPort:9848,grpcTslConfig:{"sslProvider":"","enableTls":false,"mutualAuthEnable":false,"trustAll":false}
2026-07-14T18:57:01.014+08:00  INFO 59488 --- [service-operation] [           main] c.a.n.c.a.AbstractAbilityControlManager  : Ready to get current node abilities...
2026-07-14T18:57:01.016+08:00  INFO 59488 --- [service-operation] [           main] c.a.n.c.a.AbstractAbilityControlManager  : Ready to initialize current node abilities, support modes: [SDK_CLIENT]
2026-07-14T18:57:01.017+08:00  INFO 59488 --- [service-operation] [           main] c.a.n.c.a.AbstractAbilityControlManager  : Initialize current abilities finish...
2026-07-14T18:57:01.018+08:00  INFO 59488 --- [service-operation] [           main] c.a.n.c.a.d.NacosAbilityManagerHolder    : [AbilityControlManager] Successfully initialize AbilityControlManager
2026-07-14T18:57:01.039+08:00  INFO 59488 --- [service-operation] [           main] com.alibaba.nacos.common.remote.client   : [6dcfc553-aeb0-4e0b-8628-b5e62717428d] Success to connect to server [127.0.0.1:8848] on start up, connectionId = 1784026620909_127.0.0.1_53073
2026-07-14T18:57:01.041+08:00  INFO 59488 --- [service-operation] [remote.worker.0] com.alibaba.nacos.common.remote.client   : [6dcfc553-aeb0-4e0b-8628-b5e62717428d] Notify connected event to listeners.
2026-07-14T18:57:01.041+08:00  INFO 59488 --- [service-operation] [remote.worker.0] com.alibaba.nacos.client.naming          : Grpc connection connect
2026-07-14T18:57:01.041+08:00  INFO 59488 --- [service-operation] [           main] com.alibaba.nacos.common.remote.client   : [6dcfc553-aeb0-4e0b-8628-b5e62717428d] Register server push request handler:com.alibaba.nacos.common.remote.client.RpcClient$ConnectResetRequestHandler
2026-07-14T18:57:01.042+08:00  INFO 59488 --- [service-operation] [           main] com.alibaba.nacos.common.remote.client   : [6dcfc553-aeb0-4e0b-8628-b5e62717428d] Register server push request handler:com.alibaba.nacos.common.remote.client.RpcClient$$Lambda$810/0x000001fc015b6d40
2026-07-14T18:57:01.043+08:00  INFO 59488 --- [service-operation] [           main] com.alibaba.nacos.client.naming          : [REGISTER-SERVICE] public registering service service-operation with instance Instance{instanceId='null', ip='192.168.1.109', port=8087, weight=1.0, healthy=true, enabled=true, ephemeral=true, clusterName='DEFAULT', serviceName='null', metadata={IPv6=null, preserved.register.source=SPRING_CLOUD}}
2026-07-14T18:57:01.066+08:00  INFO 59488 --- [service-operation] [           main] c.a.c.n.registry.NacosServiceRegistry    : nacos registry, DEFAULT_GROUP service-operation 192.168.1.109:8087 register finished
2026-07-14T18:57:01.419+08:00  INFO 59488 --- [service-operation] [           main] c.e.o.ServiceOperationApplication        : Started ServiceOperationApplication in 7.305 seconds (process running for 8.024)
====== Service System (用户服务) 启动成功 ======
2026-07-14T19:27:29.900+08:00  INFO 59488 --- [service-operation] [nio-8087-exec-2] o.a.c.c.C.[Tomcat].[localhost].[/]       : Initializing Spring DispatcherServlet 'dispatcherServlet'
2026-07-14T19:27:29.903+08:00  INFO 59488 --- [service-operation] [nio-8087-exec-2] o.s.web.servlet.DispatcherServlet        : Initializing Servlet 'dispatcherServlet'
2026-07-14T19:27:29.910+08:00  INFO 59488 --- [service-operation] [nio-8087-exec-2] o.s.web.servlet.DispatcherServlet        : Completed initialization in 7 ms
